c:\users\eddie\downloads\lab2demo\demo\lab2\x64\debug\vc143.pdb
c:\users\eddie\downloads\lab2demo\demo\lab2\x64\debug\vc143.idb
c:\users\eddie\downloads\lab2demo\demo\lab2\x64\debug\vertexbufferobject.obj
c:\users\eddie\downloads\lab2demo\demo\lab2\x64\debug\texture.obj
c:\users\eddie\downloads\lab2demo\demo\lab2\x64\debug\sphere.obj
c:\users\eddie\downloads\lab2demo\demo\lab2\x64\debug\shaders.obj
c:\users\eddie\downloads\lab2demo\demo\lab2\x64\debug\matrixstack.obj
c:\users\eddie\downloads\lab2demo\demo\lab2\x64\debug\highresolutiontimer.obj
c:\users\eddie\downloads\lab2demo\demo\lab2\x64\debug\gamewindow.obj
c:\users\eddie\downloads\lab2demo\demo\lab2\x64\debug\game.obj
c:\users\eddie\downloads\lab2demo\demo\x64\debug\lab2.exe
c:\users\eddie\downloads\lab2demo\demo\x64\debug\lab2.pdb
c:\users\eddie\downloads\lab2demo\demo\lab2\x64\debug\lab2.ilk
c:\users\eddie\downloads\lab2demo\demo\lab2\x64\debug\lab2.tlog\cl.command.1.tlog
c:\users\eddie\downloads\lab2demo\demo\lab2\x64\debug\lab2.tlog\cl.items.tlog
c:\users\eddie\downloads\lab2demo\demo\lab2\x64\debug\lab2.tlog\cl.read.1.tlog
c:\users\eddie\downloads\lab2demo\demo\lab2\x64\debug\lab2.tlog\cl.write.1.tlog
c:\users\eddie\downloads\lab2demo\demo\lab2\x64\debug\lab2.tlog\link.command.1.tlog
c:\users\eddie\downloads\lab2demo\demo\lab2\x64\debug\lab2.tlog\link.read.1.tlog
c:\users\eddie\downloads\lab2demo\demo\lab2\x64\debug\lab2.tlog\link.secondary.1.tlog
c:\users\eddie\downloads\lab2demo\demo\lab2\x64\debug\lab2.tlog\link.write.1.tlog
