c:\users\eddie\teaching\city\in3005_inm376\2024\labs_2024\template2024\opengltemplate\x64\debug\vc143.pdb
c:\users\eddie\teaching\city\in3005_inm376\2024\labs_2024\template2024\opengltemplate\x64\debug\vc143.idb
c:\users\eddie\teaching\city\in3005_inm376\2024\labs_2024\template2024\opengltemplate\x64\debug\vertexbufferobjectindexed.obj
c:\users\eddie\teaching\city\in3005_inm376\2024\labs_2024\template2024\opengltemplate\x64\debug\vertexbufferobject.obj
c:\users\eddie\teaching\city\in3005_inm376\2024\labs_2024\template2024\opengltemplate\x64\debug\texture.obj
c:\users\eddie\teaching\city\in3005_inm376\2024\labs_2024\template2024\opengltemplate\x64\debug\sphere.obj
c:\users\eddie\teaching\city\in3005_inm376\2024\labs_2024\template2024\opengltemplate\x64\debug\skybox.obj
c:\users\eddie\teaching\city\in3005_inm376\2024\labs_2024\template2024\opengltemplate\x64\debug\shaders.obj
c:\users\eddie\teaching\city\in3005_inm376\2024\labs_2024\template2024\opengltemplate\x64\debug\plane.obj
c:\users\eddie\teaching\city\in3005_inm376\2024\labs_2024\template2024\opengltemplate\x64\debug\openassetimportmesh.obj
c:\users\eddie\teaching\city\in3005_inm376\2024\labs_2024\template2024\opengltemplate\x64\debug\matrixstack.obj
c:\users\eddie\teaching\city\in3005_inm376\2024\labs_2024\template2024\opengltemplate\x64\debug\highresolutiontimer.obj
c:\users\eddie\teaching\city\in3005_inm376\2024\labs_2024\template2024\opengltemplate\x64\debug\gamewindow.obj
c:\users\eddie\teaching\city\in3005_inm376\2024\labs_2024\template2024\opengltemplate\x64\debug\game.obj
c:\users\eddie\teaching\city\in3005_inm376\2024\labs_2024\template2024\opengltemplate\x64\debug\freetypefont.obj
c:\users\eddie\teaching\city\in3005_inm376\2024\labs_2024\template2024\opengltemplate\x64\debug\cubemap.obj
c:\users\eddie\teaching\city\in3005_inm376\2024\labs_2024\template2024\opengltemplate\x64\debug\camera.obj
c:\users\eddie\teaching\city\in3005_inm376\2024\labs_2024\template2024\opengltemplate\x64\debug\audio.obj
c:\users\eddie\teaching\city\in3005_inm376\2024\labs_2024\template2024\x64\debug\opengltemplate.exe
c:\users\eddie\teaching\city\in3005_inm376\2024\labs_2024\template2024\x64\debug\opengltemplate.pdb
c:\users\eddie\teaching\city\in3005_inm376\2024\labs_2024\template2024\x64\debug\opengltemplate.lib
c:\users\eddie\teaching\city\in3005_inm376\2024\labs_2024\template2024\x64\debug\opengltemplate.exp
c:\users\eddie\teaching\city\in3005_inm376\2024\labs_2024\template2024\opengltemplate\x64\debug\opengltemplate.ilk
c:\users\eddie\teaching\city\in3005_inm376\2024\labs_2024\template2024\opengltemplate\x64\debug\opengltemplate.tlog\cl.command.1.tlog
c:\users\eddie\teaching\city\in3005_inm376\2024\labs_2024\template2024\opengltemplate\x64\debug\opengltemplate.tlog\cl.items.tlog
c:\users\eddie\teaching\city\in3005_inm376\2024\labs_2024\template2024\opengltemplate\x64\debug\opengltemplate.tlog\cl.read.1.tlog
c:\users\eddie\teaching\city\in3005_inm376\2024\labs_2024\template2024\opengltemplate\x64\debug\opengltemplate.tlog\cl.write.1.tlog
c:\users\eddie\teaching\city\in3005_inm376\2024\labs_2024\template2024\opengltemplate\x64\debug\opengltemplate.tlog\link.command.1.tlog
c:\users\eddie\teaching\city\in3005_inm376\2024\labs_2024\template2024\opengltemplate\x64\debug\opengltemplate.tlog\link.read.1.tlog
c:\users\eddie\teaching\city\in3005_inm376\2024\labs_2024\template2024\opengltemplate\x64\debug\opengltemplate.tlog\link.secondary.1.tlog
c:\users\eddie\teaching\city\in3005_inm376\2024\labs_2024\template2024\opengltemplate\x64\debug\opengltemplate.tlog\link.write.1.tlog
